<?xml version="1.0" encoding="UTF-8"?>
<testsuites>
  <testsuite name="BeyondCode Test Suite" tests="1" assertions="1" errors="0" failures="0" skipped="0" time="0.006218">
    <testsuite name="Tests\JokeFactoryTest" file="/Users/konakanchi/Development/Sites/sandeep-testing-package/tests/JokeFactoryTest.php" tests="1" assertions="1" errors="0" failures="0" skipped="0" time="0.006218">
      <testcase name="it_returns_a_random_joke" class="Tests\JokeFactoryTest" classname="Tests.JokeFactoryTest" file="/Users/konakanchi/Development/Sites/sandeep-testing-package/tests/JokeFactoryTest.php" line="18" assertions="1" time="0.006218"/>
    </testsuite>
  </testsuite>
</testsuites>
